<?xml version="1.0" encoding="UTF-8"?>
<testng-results skipped="0" failed="0" ignored="0" total="1" passed="1">
  <reporter-output>
  </reporter-output>
  <suite name="Default suite" duration-ms="10297" started-at="2017-09-14T07:17:03Z" finished-at="2017-09-14T07:17:13Z">
    <groups>
    </groups>
    <test name="Default test" duration-ms="10297" started-at="2017-09-14T07:17:03Z" finished-at="2017-09-14T07:17:13Z">
      <class name="com.cooluat.tests.COOLUATTest">
        <test-method status="PASS" signature="init()[pri:0, instance:com.cooluat.tests.COOLUATTest@75af431c]" name="init" is-config="true" duration-ms="5439" started-at="2017-09-14T12:47:03Z" finished-at="2017-09-14T12:47:08Z">
          <reporter-output>
          </reporter-output>
        </test-method> <!-- init -->
        <test-method status="PASS" signature="coolUATTest()[pri:0, instance:com.cooluat.tests.COOLUATTest@75af431c]" name="coolUATTest" duration-ms="4621" started-at="2017-09-14T12:47:08Z" finished-at="2017-09-14T12:47:13Z">
          <reporter-output>
          </reporter-output>
        </test-method> <!-- coolUATTest -->
        <test-method status="PASS" signature="getResult(org.testng.ITestResult)[pri:0, instance:com.cooluat.tests.COOLUATTest@75af431c]" name="getResult" is-config="true" duration-ms="2" started-at="2017-09-14T12:47:13Z" finished-at="2017-09-14T12:47:13Z">
          <params>
            <param index="0">
              <value>
                <![CDATA[[TestResult name=coolUATTest status=SUCCESS method=COOLUATTest.coolUATTest()[pri:0, instance:com.cooluat.tests.COOLUATTest@75af431c] output={null}]]]>
              </value>
            </param>
          </params>
          <reporter-output>
          </reporter-output>
        </test-method> <!-- getResult -->
        <test-method status="PASS" signature="endreport()[pri:0, instance:com.cooluat.tests.COOLUATTest@75af431c]" name="endreport" is-config="true" duration-ms="222" started-at="2017-09-14T12:47:13Z" finished-at="2017-09-14T12:47:13Z">
          <reporter-output>
          </reporter-output>
        </test-method> <!-- endreport -->
      </class> <!-- com.cooluat.tests.COOLUATTest -->
    </test> <!-- Default test -->
  </suite> <!-- Default suite -->
</testng-results>
